<?xml version="1.0" encoding="UTF-8"?>
<!-- Generated by org.testng.reporters.JUnitReportReporter -->
<testsuite skipped="0" hostname="ARJUN-PC" name="com.amazon.datacatalog.resulttest.SearchTest" tests="2" failures="0" timestamp="28 Feb 2019 14:58:04 GMT" time="157.028" errors="0">
  <testcase name="resultTest" time="86.945" classname="com.amazon.datacatalog.resulttest.SearchTest"/>
  <testcase name="resultTest" time="70.083" classname="com.amazon.datacatalog.resulttest.SearchTest"/>
</testsuite> <!-- com.amazon.datacatalog.resulttest.SearchTest -->
